<?xml version="1.0" encoding="UTF-8"?>
<!-- Generated by org.testng.reporters.JUnitXMLReporter -->
<testsuite hostname="KSRSACLAP" ignored="0" name="Surefire test" tests="6" failures="0" timestamp="01 Jun 2021 03:19:06 GMT" time="0.047" errors="0">
  <testcase name="IOS" time="0.01" classname="qaclickacademy.Appium_Test"/>
  <testcase name="NAtiveAppAndroid" time="0.001" classname="qaclickacademy.Appium_Test"/>
  <testcase name="delete_Twitter" time="0.0" classname="qaclickacademy.RESTAPI_Test"/>
  <testcase name="postJeer" time="0.001" classname="qaclickacademy.RESTAPI_Test"/>
  <testcase name="browser_Auto" time="0.0" classname="qaclickacademy.Selenium_Test"/>
  <testcase name="elementsUI" time="0.0" classname="qaclickacademy.Selenium_Test"/>
</testsuite> <!-- Surefire test -->
