<?xml version="1.0" encoding="UTF-8"?>
<!-- Generated by org.testng.reporters.JUnitXMLReporter -->
<testsuite hostname="KSRSACLAP" ignored="0" name="Test" tests="6" failures="0" timestamp="02 Jun 2021 02:32:51 GMT" time="0.049" errors="0">
  <testcase name="IOS" time="0.012" classname="qaclickacademy.Appium_Test"/>
  <testcase name="NAtiveAppAndroid" time="0.002" classname="qaclickacademy.Appium_Test"/>
  <testcase name="delete_Twitter" time="0.001" classname="qaclickacademy.RESTAPI_Test"/>
  <testcase name="postJeer" time="0.001" classname="qaclickacademy.RESTAPI_Test"/>
  <testcase name="browser_Auto" time="0.0" classname="qaclickacademy.Selenium_Test"/>
  <testcase name="elementsUI" time="0.001" classname="qaclickacademy.Selenium_Test"/>
</testsuite> <!-- Test -->
